# JRE version: 7.0_05-b06
# Java VM: Java HotSpot(TM) 64-Bit Server VM (23.1-b03 mixed mode windows-amd64 compressed oops)
Heap
 PSYoungGen      total 674688K, used 635481K [0x000000002fab0000, 0x0000000059860000, 0x0000000000000000)
  eden space 674496K, 94% used [0x000000002fab0000,0x0000000056736690,0x0000000058d60000)
  from space 192K, 33% used [0x0000000058d60000,0x0000000058d70000,0x0000000058d90000)
  to   space 192K, 0% used [0x0000000059830000,0x0000000059830000,0x0000000059860000)
 ParOldGen       total 4346304K, used 3719446K [0x000000008f000000, 0x000000002fab0000, 0x000000002fab0000)
  object space 4346304K, 85% used [0x000000008f000000,0x0000000072045818,0x0000000098470000)
 PSPermGen       total 21248K, used 2711K [0x0000000089e00000, 0x000000008b2c0000, 0x000000008f000000)
  object space 21248K, 12% used [0x0000000089e00000,0x000000008a0a5ef0,0x000000008b2c0000)
GC Heap History (10 events):
Event: 200.858 GC heap before
{Heap before GC invocations=42 (full 7):
 PSYoungGen      total 612992K, used 612928K [0x000000002fab0000, 0x0000000055a10000, 0x0000000000000000)
  eden space 612928K, 100% used [0x000000002fab0000,0x0000000055140000,0x0000000055140000)
  from space 64K, 0% used [0x0000000055a00000,0x0000000055a00000,0x0000000055a10000)
  to   space 256K, 0% used [0x0000000055990000,0x0000000055990000,0x00000000559d0000)
 ParOldGen       total 4346304K, used 3719446K [0x000000008f000000, 0x0000000098470000, 0x000000002fab0000)
  object space 4346304K, 85% used [0x000000008f000000,0x0000000072045818,0x0000000098470000)
 PSPermGen       total 21248K, used 2711K [0x0000000089e00000, 0x000000008b2c0000, 0x000000008f000000)
  object space 21248K, 12% used [0x0000000089e00000,0x000000008a0a5ef0,0x000000008b2c0000)
Event: 201.196 GC heap after
Heap after GC invocations=42 (full 7):
 PSYoungGen      total 621696K, used 64K [0x000000002fab0000, 0x00000000575b0000, 0x0000000000000000)
  eden space 621440K, 0% used [0x000000002fab0000,0x000000002fab0000,0x0000000055990000)
  from space 256K, 25% used [0x0000000055990000,0x00000000559a0000,0x00000000559d0000)
  to   space 256K, 0% used [0x0000000057570000,0x0000000057570000,0x00000000575b0000)
 ParOldGen       total 4346304K, used 3719446K [0x000000008f000000, 0x0000000098470000, 0x000000002fab0000)
  object space 4346304K, 85% used [0x000000008f000000,0x0000000072045818,0x0000000098470000)
 PSPermGen       total 21248K, used 2711K [0x0000000089e00000, 0x000000008b2c0000, 0x000000008f000000)
  object space 21248K, 12% used [0x0000000089e00000,0x000000008a0a5ef0,0x000000008b2c0000)
}
Event: 213.753 GC heap before
{Heap before GC invocations=43 (full 7):
 PSYoungGen      total 621696K, used 621504K [0x000000002fab0000, 0x00000000575b0000, 0x0000000000000000)
  eden space 621440K, 100% used [0x000000002fab0000,0x0000000055990000,0x0000000055990000)
  from space 256K, 25% used [0x0000000055990000,0x00000000559a0000,0x00000000559d0000)
  to   space 256K, 0% used [0x0000000057570000,0x0000000057570000,0x00000000575b0000)
 ParOldGen       total 4346304K, used 3719446K [0x000000008f000000, 0x0000000098470000, 0x000000002fab0000)
  object space 4346304K, 85% used [0x000000008f000000,0x0000000072045818,0x0000000098470000)
 PSPermGen       total 21248K, used 2711K [0x0000000089e00000, 0x000000008b2c0000, 0x000000008f000000)
  object space 21248K, 12% used [0x0000000089e00000,0x000000008a0a5ef0,0x000000008b2c0000)
Event: 213.782 GC heap after
Heap after GC invocations=43 (full 7):
 PSYoungGen      total 649984K, used 96K [0x000000002fab0000, 0x0000000057750000, 0x0000000000000000)
  eden space 649728K, 0% used [0x000000002fab0000,0x000000002fab0000,0x0000000057530000)
  from space 256K, 37% used [0x0000000057570000,0x0000000057588000,0x00000000575b0000)
  to   space 256K, 0% used [0x0000000057530000,0x0000000057530000,0x0000000057570000)
 ParOldGen       total 4346304K, used 3719446K [0x000000008f000000, 0x0000000098470000, 0x000000002fab0000)
  object space 4346304K, 85% used [0x000000008f000000,0x0000000072045818,0x0000000098470000)
 PSPermGen       total 21248K, used 2711K [0x0000000089e00000, 0x000000008b2c0000, 0x000000008f000000)
  object space 21248K, 12% used [0x0000000089e00000,0x000000008a0a5ef0,0x000000008b2c0000)
}
Event: 231.389 GC heap before
{Heap before GC invocations=44 (full 7):
 PSYoungGen      total 649984K, used 649824K [0x000000002fab0000, 0x0000000057750000, 0x0000000000000000)
  eden space 649728K, 100% used [0x000000002fab0000,0x0000000057530000,0x0000000057530000)
  from space 256K, 37% used [0x0000000057570000,0x0000000057588000,0x00000000575b0000)
  to   space 256K, 0% used [0x0000000057530000,0x0000000057530000,0x0000000057570000)
 ParOldGen       total 4346304K, used 3719446K [0x000000008f000000, 0x0000000098470000, 0x000000002fab0000)
  object space 4346304K, 85% used [0x000000008f000000,0x0000000072045818,0x0000000098470000)
 PSPermGen       total 21248K, used 2711K [0x0000000089e00000, 0x000000008b2c0000, 0x000000008f000000)
  object space 21248K, 12% used [0x0000000089e00000,0x000000008a0a5ef0,0x000000008b2c0000)
Event: 231.417 GC heap after
Heap after GC invocations=44 (full 7):
 PSYoungGen      total 649984K, used 32K [0x000000002fab0000, 0x0000000058df0000, 0x0000000000000000)
  eden space 649728K, 0% used [0x000000002fab0000,0x000000002fab0000,0x0000000057530000)
  from space 256K, 12% used [0x0000000057530000,0x0000000057538000,0x0000000057570000)
  to   space 256K, 0% used [0x0000000058db0000,0x0000000058db0000,0x0000000058df0000)
 ParOldGen       total 4346304K, used 3719446K [0x000000008f000000, 0x0000000098470000, 0x000000002fab0000)
  object space 4346304K, 85% used [0x000000008f000000,0x0000000072045818,0x0000000098470000)
 PSPermGen       total 21248K, used 2711K [0x0000000089e00000, 0x000000008b2c0000, 0x000000008f000000)
  object space 21248K, 12% used [0x0000000089e00000,0x000000008a0a5ef0,0x000000008b2c0000)
}
Event: 245.274 GC heap before
{Heap before GC invocations=45 (full 7):
 PSYoungGen      total 649984K, used 649760K [0x000000002fab0000, 0x0000000058df0000, 0x0000000000000000)
  eden space 649728K, 100% used [0x000000002fab0000,0x0000000057530000,0x0000000057530000)
  from space 256K, 12% used [0x0000000057530000,0x0000000057538000,0x0000000057570000)
  to   space 256K, 0% used [0x0000000058db0000,0x0000000058db0000,0x0000000058df0000)
 ParOldGen       total 4346304K, used 3719446K [0x000000008f000000, 0x0000000098470000, 0x000000002fab0000)
  object space 4346304K, 85% used [0x000000008f000000,0x0000000072045818,0x0000000098470000)
 PSPermGen       total 21248K, used 2711K [0x0000000089e00000, 0x000000008b2c0000, 0x000000008f000000)
  object space 21248K, 12% used [0x0000000089e00000,0x000000008a0a5ef0,0x000000008b2c0000)
Event: 245.301 GC heap after
Heap after GC invocations=45 (full 7):
 PSYoungGen      total 669376K, used 64K [0x000000002fab0000, 0x0000000058dc0000, 0x0000000000000000)
  eden space 669312K, 0% used [0x000000002fab0000,0x000000002fab0000,0x0000000058850000)
  from space 64K, 100% used [0x0000000058db0000,0x0000000058dc0000,0x0000000058dc0000)
  to   space 192K, 0% used [0x0000000058d60000,0x0000000058d60000,0x0000000058d90000)
 ParOldGen       total 4346304K, used 3719446K [0x000000008f000000, 0x0000000098470000, 0x000000002fab0000)
  object space 4346304K, 85% used [0x000000008f000000,0x0000000072045818,0x0000000098470000)
 PSPermGen       total 21248K, used 2711K [0x0000000089e00000, 0x000000008b2c0000, 0x000000008f000000)
  object space 21248K, 12% used [0x0000000089e00000,0x000000008a0a5ef0,0x000000008b2c0000)
}
Event: 253.079 GC heap before
{Heap before GC invocations=46 (full 7):
 PSYoungGen      total 669376K, used 669376K [0x000000002fab0000, 0x0000000058dc0000, 0x0000000000000000)
  eden space 669312K, 100% used [0x000000002fab0000,0x0000000058850000,0x0000000058850000)
  from space 64K, 100% used [0x0000000058db0000,0x0000000058dc0000,0x0000000058dc0000)
  to   space 192K, 0% used [0x0000000058d60000,0x0000000058d60000,0x0000000058d90000)
 ParOldGen       total 4346304K, used 3719446K [0x000000008f000000, 0x0000000098470000, 0x000000002fab0000)
  object space 4346304K, 85% used [0x000000008f000000,0x0000000072045818,0x0000000098470000)
 PSPermGen       total 21248K, used 2711K [0x0000000089e00000, 0x000000008b2c0000, 0x000000008f000000)
  object space 21248K, 12% used [0x0000000089e00000,0x000000008a0a5ef0,0x000000008b2c0000)
Event: 253.109 GC heap after
Heap after GC invocations=46 (full 7):
 PSYoungGen      total 674688K, used 64K [0x000000002fab0000, 0x0000000059860000, 0x0000000000000000)
  eden space 674496K, 0% used [0x000000002fab0000,0x000000002fab0000,0x0000000058d60000)
  from space 192K, 33% used [0x0000000058d60000,0x0000000058d70000,0x0000000058d90000)
  to   space 192K, 0% used [0x0000000059830000,0x0000000059830000,0x0000000059860000)
 ParOldGen       total 4346304K, used 3719446K [0x000000008f000000, 0x0000000098470000, 0x000000002fab0000)
  object space 4346304K, 85% used [0x000000008f000000,0x0000000072045818,0x0000000098470000)
 PSPermGen       total 21248K, used 2711K [0x0000000089e00000, 0x000000008b2c0000, 0x000000008f000000)
  object space 21248K, 12% used [0x0000000089e00000,0x000000008a0a5ef0,0x000000008b2c0000)
}

